\BOOKMARK [1][-]{section.1}{Introduction}{}% 1
\BOOKMARK [1][-]{section.2}{Covariant Integration Methods}{}% 2
\BOOKMARK [2][-]{subsection.2.1}{Generalized Unitarity}{section.2}% 3
\BOOKMARK [2][-]{subsection.2.2}{Recursive integrals}{section.2}% 4
\BOOKMARK [2][-]{subsection.2.3}{Tensor reduction}{section.2}% 5
\BOOKMARK [2][-]{subsection.2.4}{Gauge-invariant basis tensors}{section.2}% 6
\BOOKMARK [1][-]{section.3}{Loop-level amplitudes}{}% 7
\BOOKMARK [2][-]{subsection.3.1}{NLSM via unitarity}{section.3}% 8
\BOOKMARK [3][-]{subsubsection.3.1.1}{One-loop}{subsection.3.1}% 9
\BOOKMARK [3][-]{subsubsection.3.1.2}{Two-loop}{subsection.3.1}% 10
\BOOKMARK [2][-]{subsection.3.2}{DBIVA via unitarity}{section.3}% 11
\BOOKMARK [3][-]{subsubsection.3.2.1}{One-loop DBIVA}{subsection.3.2}% 12
\BOOKMARK [3][-]{subsubsection.3.2.2}{Two-loop Born-Infeld}{subsection.3.2}% 13
\BOOKMARK [3][-]{subsubsection.3.2.3}{Two-loop N=4 DBIVA}{subsection.3.2}% 14
\BOOKMARK [2][-]{subsection.3.3}{DBIVA via double copy}{section.3}% 15
\BOOKMARK [3][-]{subsubsection.3.3.1}{One-loop N=4 DBIVA}{subsection.3.3}% 16
\BOOKMARK [3][-]{subsubsection.3.3.2}{Two-loop N=4 DBIVA}{subsection.3.3}% 17
\BOOKMARK [1][-]{section.4}{Effective Actions}{}% 18
\BOOKMARK [2][-]{subsection.4.1}{Anomaly cancellation}{section.4}% 19
\BOOKMARK [3][-]{subsubsection.4.1.1}{One-loop}{subsection.4.1}% 20
\BOOKMARK [3][-]{subsubsection.4.1.2}{Two-loop}{subsection.4.1}% 21
\BOOKMARK [2][-]{subsection.4.2}{Double copy construction}{section.4}% 22
\BOOKMARK [3][-]{subsubsection.4.2.1}{Symmetric-structure double-copy}{subsection.4.2}% 23
\BOOKMARK [3][-]{subsubsection.4.2.2}{Higher-spin \040Adler Zero}{subsection.4.2}% 24
\BOOKMARK [2][-]{subsection.4.3}{Evanescent operator counting}{section.4}% 25
\BOOKMARK [1][-]{section.5}{Conclusions}{}% 26
